0 info it worked if it ends with ok
1 verbose cli [ '/Users/tdunn/.nvm/versions/node/v7.2.0/bin/node',
1 verbose cli   '/Users/tdunn/.nvm/versions/node/v7.2.0/bin/npm',
1 verbose cli   'start' ]
2 info using npm@3.10.9
3 info using node@v7.2.0
4 verbose run-script [ 'prestart', 'start', 'poststart' ]
5 info lifecycle node-backend@0.0.1~prestart: node-backend@0.0.1
6 silly lifecycle node-backend@0.0.1~prestart: no script for prestart, continuing
7 info lifecycle node-backend@0.0.1~start: node-backend@0.0.1
8 verbose lifecycle node-backend@0.0.1~start: unsafe-perm in lifecycle true
9 verbose lifecycle node-backend@0.0.1~start: PATH: /Users/tdunn/.nvm/versions/node/v7.2.0/lib/node_modules/npm/bin/node-gyp-bin:/Users/tdunn/dev/projects/tommy/ng2-frontend-node-backend/backend/node_modules/.bin:/Users/tdunn/.nvm/versions/node/v7.2.0/bin:node_modules/.bin:/Users/tdunn/.rbenv/shims:/usr/local/bin:/usr/local/sbin:/usr/bin:/bin:/usr/sbin:/sbin:/Applications/Server.app/Contents/ServerRoot/usr/bin:/Applications/Server.app/Contents/ServerRoot/usr/sbin:/Users/tdunn/.yadr/bin:/Users/tdunn/.yadr/bin/yadr
10 verbose lifecycle node-backend@0.0.1~start: CWD: /Users/tdunn/dev/projects/tommy/ng2-frontend-node-backend/backend
11 silly lifecycle node-backend@0.0.1~start: Args: [ '-c', 'node server.js' ]
12 silly lifecycle node-backend@0.0.1~start: Returned: code: 1  signal: null
13 info lifecycle node-backend@0.0.1~start: Failed to exec start script
14 verbose stack Error: node-backend@0.0.1 start: `node server.js`
14 verbose stack Exit status 1
14 verbose stack     at EventEmitter.<anonymous> (/Users/tdunn/.nvm/versions/node/v7.2.0/lib/node_modules/npm/lib/utils/lifecycle.js:255:16)
14 verbose stack     at emitTwo (events.js:106:13)
14 verbose stack     at EventEmitter.emit (events.js:191:7)
14 verbose stack     at ChildProcess.<anonymous> (/Users/tdunn/.nvm/versions/node/v7.2.0/lib/node_modules/npm/lib/utils/spawn.js:40:14)
14 verbose stack     at emitTwo (events.js:106:13)
14 verbose stack     at ChildProcess.emit (events.js:191:7)
14 verbose stack     at maybeClose (internal/child_process.js:885:16)
14 verbose stack     at Process.ChildProcess._handle.onexit (internal/child_process.js:226:5)
15 verbose pkgid node-backend@0.0.1
16 verbose cwd /Users/tdunn/dev/projects/tommy/ng2-frontend-node-backend/backend
17 error Darwin 16.3.0
18 error argv "/Users/tdunn/.nvm/versions/node/v7.2.0/bin/node" "/Users/tdunn/.nvm/versions/node/v7.2.0/bin/npm" "start"
19 error node v7.2.0
20 error npm  v3.10.9
21 error code ELIFECYCLE
22 error node-backend@0.0.1 start: `node server.js`
22 error Exit status 1
23 error Failed at the node-backend@0.0.1 start script 'node server.js'.
23 error Make sure you have the latest version of node.js and npm installed.
23 error If you do, this is most likely a problem with the node-backend package,
23 error not with npm itself.
23 error Tell the author that this fails on your system:
23 error     node server.js
23 error You can get information on how to open an issue for this project with:
23 error     npm bugs node-backend
23 error Or if that isn't available, you can get their info via:
23 error     npm owner ls node-backend
23 error There is likely additional logging output above.
24 verbose exit [ 1, true ]
